Diagnose log at 2025-10-24T15:22:07Z

AppPath: C:\Program Files\Git\mingw64\bin\git-credential-manager.exe
InstallDir: C:\Program Files\Git\mingw64\bin\
Version: 2.6.1+786ab03440ddc82e807a97c0e540f5247e44cec6

------------
Diagnostic: Environment
Skipped: False
Success: True
Exception: None
Log:
OSType: Windows
OSVersion: 10.0 (build 26100)
Reading environment variables... OK
 Variables:
HOMEPATH=\Users\saari
DriverData=C:\Windows\System32\Drivers\DriverData
COMPUTERNAME=LAPTOP-0HR74CAB
GIT_TRACE2_PARENT_SID=8bc78046-7bc9-4322-b933-ef8a9cc21522
CommonProgramFiles(x86)=C:\Program Files (x86)\Common Files
OneDrive=C:\Users\saari\OneDrive
RegionCode=EMEA
TMP=C:\Users\saari\AppData\Local\Temp
HOME=C:\Users\saari
PROCESSOR_REVISION=5000
PATHEXT=.COM;.EXE;.BAT;.CMD;.VBS;.VBE;.JS;.JSE;.WSF;.WSH;.MSC
GIT_EXEC_PATH=C:/Program Files/Git/mingw64/libexec/git-core
TEMP=C:\Users\saari\AppData\Local\Temp
LOCALAPPDATA=C:\Users\saari\AppData\Local
MSYSTEM=MINGW64
TERM=xterm-256color
COLORTERM=truecolor
USERDOMAIN=LAPTOP-0HR74CAB
platformcode=KV
Path=C:/Program Files/Git/mingw64/libexec/git-core;C:\Program Files\Git\mingw64\bin;C:\Program Files\Git\usr\bin;C:\Users\saari\bin;C:\windows\system32;C:\windows;C:\windows\System32\Wbem;C:\windows\System32\WindowsPowerShell\v1.0\;C:\windows\System32\OpenSSH\;C:\Program Files (x86)\NVIDIA Corporation\PhysX\Common;C:\Program Files\NVIDIA Corporation\NVIDIA NvDLISR;C:\WINDOWS\system32;C:\WINDOWS;C:\WINDOWS\System32\Wbem;C:\WINDOWS\System32\WindowsPowerShell\v1.0\;C:\WINDOWS\System32\OpenSSH\;C:\Program Files\Git\cmd;c:\Users\saari\AppData\Local\Programs\cursor\resources\app\codeBin;C:\Users\saari\AppData\Local\Microsoft\WindowsApps;C:\Users\saari\AppData\Local\Programs\cursor\resources\app\bin
PROCESSOR_LEVEL=25
PROCESSOR_IDENTIFIER=AMD64 Family 25 Model 80 Stepping 0, AuthenticAMD
TMPDIR=C:\Users\saari\AppData\Local\Temp
PROMPT=$P$G
ProgramFiles(x86)=C:\Program Files (x86)
PUBLIC=C:\Users\Public
NUMBER_OF_PROCESSORS=16
CommonProgramFiles=C:\Program Files (x86)\Common Files
PLINK_PROTOCOL=ssh
ProgramData=C:\ProgramData
ProgramW6432=C:\Program Files
ProgramFiles=C:\Program Files (x86)
OnlineServices=Online Services
AMDRMSDKPATH=C:\Program Files\AMD\RyzenMasterSDK\
SystemRoot=C:\WINDOWS
SESSIONNAME=Console
LC_CTYPE=C.UTF-8
CommonProgramW6432=C:\Program Files\Common Files
LOGONSERVER=\\LAPTOP-0HR74CAB
USERPROFILE=C:\Users\saari
USERDOMAIN_ROAMINGPROFILE=LAPTOP-0HR74CAB
EFC_5692_1592913036=1
APPDATA=C:\Users\saari\AppData\Roaming
HOMEDRIVE=C:
PSModulePath=C:\Program Files\WindowsPowerShell\Modules;C:\WINDOWS\system32\WindowsPowerShell\v1.0\Modules
USERNAME=saari
PROCESSOR_ARCHITEW6432=AMD64
PROCESSOR_ARCHITECTURE=x86
OS=Windows_NT
ComSpec=C:\WINDOWS\system32\cmd.exe
SystemDrive=C:
windir=C:\WINDOWS
ALLUSERSPROFILE=C:\ProgramData


------------
Diagnostic: File system
Skipped: False
Success: True
Exception: None
Log:
Temporary directory is 'C:\Users\saari\AppData\Local\Temp\'...
Checking basic file I/O...
Writing to temporary file 'C:\Users\saari\AppData\Local\Temp\b58b4e39b3ce48afd5a20912'... OK
Reading from temporary file 'C:\Users\saari\AppData\Local\Temp\b58b4e39b3ce48afd5a20912'... OK
Deleting temporary file 'C:\Users\saari\AppData\Local\Temp\b58b4e39b3ce48afd5a20912'... OK
Testing IFileSystem instance...
UserHomePath: C:\Users\saari
UserDataDirectoryPath: C:\Users\saari\.gcm
GetCurrentDirectory(): C:\Users\saari\OneDrive\Radna površina\PythonPortfolio

------------
Diagnostic: Networking
Skipped: False
Success: True
Exception: None
Log:
Checking networking and HTTP stack...
Creating HTTP client... OK
IsNetworkAvailable: True
Sending HEAD request to http://example.com...Sending HEAD request to https://example.com... OK
 OK
Acquiring free TCP port... OK
Testing local HTTP loopback connections...
Creating new HTTP listener for http://localhost:51651/... OK
Waiting for loopback connection... OK
Writing response... OK
Waiting for response data... OK
Loopback connection data OK

------------
Diagnostic: Git
Skipped: False
Success: True
Exception: None
Log:
Getting Git version... OK
Git version is '2.51.1.windows.1'
Locating current repository...Git repository at 'C:/Users/saari/OneDrive/Radna površina/PythonPortfolio/.git'
 OK
Listing all Git configuration... OK
Git configuration:
file:C:/Program Files/Git/etc/gitconfig	diff.astextplain.textconv=astextplain
file:C:/Program Files/Git/etc/gitconfig	filter.lfs.clean=git-lfs clean -- %f
file:C:/Program Files/Git/etc/gitconfig	filter.lfs.smudge=git-lfs smudge -- %f
file:C:/Program Files/Git/etc/gitconfig	filter.lfs.process=git-lfs filter-process
file:C:/Program Files/Git/etc/gitconfig	filter.lfs.required=true
file:C:/Program Files/Git/etc/gitconfig	http.sslbackend=schannel
file:C:/Program Files/Git/etc/gitconfig	core.autocrlf=true
file:C:/Program Files/Git/etc/gitconfig	core.fscache=true
file:C:/Program Files/Git/etc/gitconfig	core.symlinks=false
file:C:/Program Files/Git/etc/gitconfig	pull.rebase=false
file:C:/Program Files/Git/etc/gitconfig	credential.helper=manager
file:C:/Program Files/Git/etc/gitconfig	credential.https://dev.azure.com.usehttppath=true
file:C:/Program Files/Git/etc/gitconfig	init.defaultbranch=master
file:C:/Users/saari/.gitconfig	user.email=miloradsss@icloud.com
file:C:/Users/saari/.gitconfig	credential.helper=
file:C:/Users/saari/.gitconfig	credential.helper=C:/Program\ Files/Git/mingw64/bin/git-credential-manager.exe
file:.git/config	core.repositoryformatversion=0
file:.git/config	core.filemode=false
file:.git/config	core.bare=false
file:.git/config	core.logallrefupdates=true
file:.git/config	core.symlinks=false
file:.git/config	core.ignorecase=true
file:.git/config	remote.origin.url=hhtps:github.com/saric2000/PythonPortfolio.git
file:.git/config	remote.origin.fetch=+refs/heads/*:refs/remotes/origin/*


------------
Diagnostic: Credential storage
Skipped: False
Success: True
Exception: None
Log:
ICredentialStore instance is of type: CredentialStore
Writing test credential... OK
Reading test credential... OK
Deleting test credential... OK

------------
Diagnostic: Microsoft authentication (AAD/MSA)
Skipped: False
Success: True
Exception: None
Log:
Broker is not enabled.
Flow type is: Auto
Gathering MSAL token cache data... OK
CacheDirectory: C:\Users\saari\AppData\Local\.IdentityService
CacheFileName: msal.cache
CacheFilePath: C:\Users\saari\AppData\Local\.IdentityService\msal.cache
Creating cache helper... OK
Verifying MSAL token cache persistence... OK

------------
Diagnostic: GitHub API
Skipped: False
Success: True
Exception: None
Log:
Using 'https://github.com/' as API target.
Querying '/meta' endpoint... OK

